2023-06-12 14:01:35.871 [info] Extension host with pid 114397 started
2023-06-12 14:01:35.885 [info] Lock '/home/xmarksthespot/.vscode-server/data/User/workspaceStorage/91c56c31768ac0087ce8ab72dc092895/vscode.lock': Lock acquired.
2023-06-12 14:01:35.904 [info] ExtensionService#_doActivateExtension vscode.git-base, startup: true, activationEvent: '*', root cause: vscode.git
2023-06-12 14:01:35.961 [info] ExtensionService#_doActivateExtension vscode.git, startup: true, activationEvent: '*'
2023-06-12 14:01:35.962 [info] ExtensionService#_doActivateExtension vscode.github, startup: true, activationEvent: '*'
2023-06-12 14:01:36.077 [info] Eager extensions activated
2023-06-12 14:01:36.077 [info] ExtensionService#_doActivateExtension vscode.debug-auto-launch, startup: false, activationEvent: 'onStartupFinished'
2023-06-12 14:01:36.079 [info] ExtensionService#_doActivateExtension vscode.merge-conflict, startup: false, activationEvent: 'onStartupFinished'
2023-06-12 14:01:45.622 [info] ExtensionService#_doActivateExtension vscode.emmet, startup: false, activationEvent: 'onLanguage'
2023-06-12 14:02:30.239 [info] Extension host terminating: received terminate message from renderer
2023-06-12 14:02:30.239 [info] Lock '/home/xmarksthespot/.vscode-server/data/User/workspaceStorage/91c56c31768ac0087ce8ab72dc092895/vscode.lock': Marking the lockfile as scheduled to be released in 6000 ms.
2023-06-12 14:02:30.249 [error] Canceled: Canceled
	at new l (/home/xmarksthespot/.vscode-server/bin/b380da4ef1ee00e224a15c1d4d9793e27c2b6302/out/vs/workbench/api/node/extensionHostProcess.js:100:105905)
	at s.O (/home/xmarksthespot/.vscode-server/bin/b380da4ef1ee00e224a15c1d4d9793e27c2b6302/out/vs/workbench/api/node/extensionHostProcess.js:112:11754)
	at Proxy.z.<computed>.H.charCodeAt.z.<computed> (/home/xmarksthespot/.vscode-server/bin/b380da4ef1ee00e224a15c1d4d9793e27c2b6302/out/vs/workbench/api/node/extensionHostProcess.js:112:9029)
	at e.ExtHostCommands.g (/home/xmarksthespot/.vscode-server/bin/b380da4ef1ee00e224a15c1d4d9793e27c2b6302/out/vs/workbench/api/node/extensionHostProcess.js:100:130078)
	at e.ExtHostCommands.executeCommand (/home/xmarksthespot/.vscode-server/bin/b380da4ef1ee00e224a15c1d4d9793e27c2b6302/out/vs/workbench/api/node/extensionHostProcess.js:100:129454)
	at k.registerCommand.description (/home/xmarksthespot/.vscode-server/bin/b380da4ef1ee00e224a15c1d4d9793e27c2b6302/out/vs/workbench/api/node/extensionHostProcess.js:100:128747)
	at e.ExtHostCommands.h (/home/xmarksthespot/.vscode-server/bin/b380da4ef1ee00e224a15c1d4d9793e27c2b6302/out/vs/workbench/api/node/extensionHostProcess.js:100:130664)
	at e.ExtHostCommands.g (/home/xmarksthespot/.vscode-server/bin/b380da4ef1ee00e224a15c1d4d9793e27c2b6302/out/vs/workbench/api/node/extensionHostProcess.js:100:129554)
	at e.ExtHostCommands.executeCommand (/home/xmarksthespot/.vscode-server/bin/b380da4ef1ee00e224a15c1d4d9793e27c2b6302/out/vs/workbench/api/node/extensionHostProcess.js:100:129454)
	at Object.executeCommand (/home/xmarksthespot/.vscode-server/bin/b380da4ef1ee00e224a15c1d4d9793e27c2b6302/out/vs/workbench/api/node/extensionHostProcess.js:118:24230)
	at D (/home/xmarksthespot/.vscode-server/bin/b380da4ef1ee00e224a15c1d4d9793e27c2b6302/extensions/git/dist/main.js:2:1261260)
	at b.invoke (/home/xmarksthespot/.vscode-server/bin/b380da4ef1ee00e224a15c1d4d9793e27c2b6302/out/vs/workbench/api/node/extensionHostProcess.js:63:145)
	at deliver (/home/xmarksthespot/.vscode-server/bin/b380da4ef1ee00e224a15c1d4d9793e27c2b6302/out/vs/workbench/api/node/extensionHostProcess.js:63:2121)
	at n.fire (/home/xmarksthespot/.vscode-server/bin/b380da4ef1ee00e224a15c1d4d9793e27c2b6302/out/vs/workbench/api/node/extensionHostProcess.js:63:1729)
	at Object.m [as dispose] (/home/xmarksthespot/.vscode-server/bin/b380da4ef1ee00e224a15c1d4d9793e27c2b6302/extensions/git/dist/main.js:2:1276093)
	at /home/xmarksthespot/.vscode-server/bin/b380da4ef1ee00e224a15c1d4d9793e27c2b6302/extensions/git/dist/main.js:2:1280594
	at Array.forEach (<anonymous>)
	at g.dispose (/home/xmarksthespot/.vscode-server/bin/b380da4ef1ee00e224a15c1d4d9793e27c2b6302/extensions/git/dist/main.js:2:1280580)
	at r.<anonymous> (/home/xmarksthespot/.vscode-server/bin/b380da4ef1ee00e224a15c1d4d9793e27c2b6302/out/vs/workbench/api/node/extensionHostProcess.js:98:12552)
	at r.dispose (/home/xmarksthespot/.vscode-server/bin/b380da4ef1ee00e224a15c1d4d9793e27c2b6302/out/vs/workbench/api/node/extensionHostProcess.js:98:12687)
	at r.<anonymous> (/home/xmarksthespot/.vscode-server/bin/b380da4ef1ee00e224a15c1d4d9793e27c2b6302/extensions/git/dist/main.js:2:1263390)
	at r.dispose (/home/xmarksthespot/.vscode-server/bin/b380da4ef1ee00e224a15c1d4d9793e27c2b6302/out/vs/workbench/api/node/extensionHostProcess.js:98:12687)
	at I (/home/xmarksthespot/.vscode-server/bin/b380da4ef1ee00e224a15c1d4d9793e27c2b6302/out/vs/workbench/api/node/extensionHostProcess.js:10:12083)
	at n.Z (/home/xmarksthespot/.vscode-server/bin/b380da4ef1ee00e224a15c1d4d9793e27c2b6302/out/vs/workbench/api/node/extensionHostProcess.js:114:11285)
	at /home/xmarksthespot/.vscode-server/bin/b380da4ef1ee00e224a15c1d4d9793e27c2b6302/out/vs/workbench/api/node/extensionHostProcess.js:114:9187
	at Array.map (<anonymous>)
	at n.S (/home/xmarksthespot/.vscode-server/bin/b380da4ef1ee00e224a15c1d4d9793e27c2b6302/out/vs/workbench/api/node/extensionHostProcess.js:114:9175)
	at n.terminate (/home/xmarksthespot/.vscode-server/bin/b380da4ef1ee00e224a15c1d4d9793e27c2b6302/out/vs/workbench/api/node/extensionHostProcess.js:114:9445)
	at h.terminate (/home/xmarksthespot/.vscode-server/bin/b380da4ef1ee00e224a15c1d4d9793e27c2b6302/out/vs/workbench/api/node/extensionHostProcess.js:118:1544)
	at p (/home/xmarksthespot/.vscode-server/bin/b380da4ef1ee00e224a15c1d4d9793e27c2b6302/out/vs/workbench/api/node/extensionHostProcess.js:128:34497)
	at /home/xmarksthespot/.vscode-server/bin/b380da4ef1ee00e224a15c1d4d9793e27c2b6302/out/vs/workbench/api/node/extensionHostProcess.js:128:32407
	at b.invoke (/home/xmarksthespot/.vscode-server/bin/b380da4ef1ee00e224a15c1d4d9793e27c2b6302/out/vs/workbench/api/node/extensionHostProcess.js:63:145)
	at deliver (/home/xmarksthespot/.vscode-server/bin/b380da4ef1ee00e224a15c1d4d9793e27c2b6302/out/vs/workbench/api/node/extensionHostProcess.js:63:2121)
	at n.fire (/home/xmarksthespot/.vscode-server/bin/b380da4ef1ee00e224a15c1d4d9793e27c2b6302/out/vs/workbench/api/node/extensionHostProcess.js:63:1729)
	at p.fire (/home/xmarksthespot/.vscode-server/bin/b380da4ef1ee00e224a15c1d4d9793e27c2b6302/out/vs/workbench/api/node/extensionHostProcess.js:73:14783)
	at D.E (/home/xmarksthespot/.vscode-server/bin/b380da4ef1ee00e224a15c1d4d9793e27c2b6302/out/vs/workbench/api/node/extensionHostProcess.js:73:18830)
	at /home/xmarksthespot/.vscode-server/bin/b380da4ef1ee00e224a15c1d4d9793e27c2b6302/out/vs/workbench/api/node/extensionHostProcess.js:73:16818
	at b.invoke (/home/xmarksthespot/.vscode-server/bin/b380da4ef1ee00e224a15c1d4d9793e27c2b6302/out/vs/workbench/api/node/extensionHostProcess.js:63:145)
	at deliver (/home/xmarksthespot/.vscode-server/bin/b380da4ef1ee00e224a15c1d4d9793e27c2b6302/out/vs/workbench/api/node/extensionHostProcess.js:63:2121)
	at n.fire (/home/xmarksthespot/.vscode-server/bin/b380da4ef1ee00e224a15c1d4d9793e27c2b6302/out/vs/workbench/api/node/extensionHostProcess.js:63:1729)
	at h.acceptChunk (/home/xmarksthespot/.vscode-server/bin/b380da4ef1ee00e224a15c1d4d9793e27c2b6302/out/vs/workbench/api/node/extensionHostProcess.js:73:12514)
	at /home/xmarksthespot/.vscode-server/bin/b380da4ef1ee00e224a15c1d4d9793e27c2b6302/out/vs/workbench/api/node/extensionHostProcess.js:73:11801
	at b.invoke (/home/xmarksthespot/.vscode-server/bin/b380da4ef1ee00e224a15c1d4d9793e27c2b6302/out/vs/workbench/api/node/extensionHostProcess.js:63:145)
	at deliver (/home/xmarksthespot/.vscode-server/bin/b380da4ef1ee00e224a15c1d4d9793e27c2b6302/out/vs/workbench/api/node/extensionHostProcess.js:63:2121)
	at n.fire (/home/xmarksthespot/.vscode-server/bin/b380da4ef1ee00e224a15c1d4d9793e27c2b6302/out/vs/workbench/api/node/extensionHostProcess.js:63:1729)
	at E.u (/home/xmarksthespot/.vscode-server/bin/b380da4ef1ee00e224a15c1d4d9793e27c2b6302/out/vs/workbench/api/node/extensionHostProcess.js:128:20037)
	at E.acceptFrame (/home/xmarksthespot/.vscode-server/bin/b380da4ef1ee00e224a15c1d4d9793e27c2b6302/out/vs/workbench/api/node/extensionHostProcess.js:128:19843)
	at d.l (/home/xmarksthespot/.vscode-server/bin/b380da4ef1ee00e224a15c1d4d9793e27c2b6302/out/vs/workbench/api/node/extensionHostProcess.js:128:18436)
	at /home/xmarksthespot/.vscode-server/bin/b380da4ef1ee00e224a15c1d4d9793e27c2b6302/out/vs/workbench/api/node/extensionHostProcess.js:128:15773
	at Socket.i (/home/xmarksthespot/.vscode-server/bin/b380da4ef1ee00e224a15c1d4d9793e27c2b6302/out/vs/workbench/api/node/extensionHostProcess.js:128:13607)
	at Socket.emit (node:events:513:28)
	at addChunk (node:internal/streams/readable:315:12)
	at readableAddChunk (node:internal/streams/readable:289:9)
	at Socket.Readable.push (node:internal/streams/readable:228:10)
	at TCP.onStreamRead (node:internal/stream_base_commons:190:23) setContext undefined
2023-06-12 14:02:30.250 [error] Canceled: Canceled
	at new l (/home/xmarksthespot/.vscode-server/bin/b380da4ef1ee00e224a15c1d4d9793e27c2b6302/out/vs/workbench/api/node/extensionHostProcess.js:100:105905)
	at s.O (/home/xmarksthespot/.vscode-server/bin/b380da4ef1ee00e224a15c1d4d9793e27c2b6302/out/vs/workbench/api/node/extensionHostProcess.js:112:11754)
	at Proxy.z.<computed>.H.charCodeAt.z.<computed> (/home/xmarksthespot/.vscode-server/bin/b380da4ef1ee00e224a15c1d4d9793e27c2b6302/out/vs/workbench/api/node/extensionHostProcess.js:112:9029)
	at e.ExtHostCommands.g (/home/xmarksthespot/.vscode-server/bin/b380da4ef1ee00e224a15c1d4d9793e27c2b6302/out/vs/workbench/api/node/extensionHostProcess.js:100:130078)
	at e.ExtHostCommands.executeCommand (/home/xmarksthespot/.vscode-server/bin/b380da4ef1ee00e224a15c1d4d9793e27c2b6302/out/vs/workbench/api/node/extensionHostProcess.js:100:129454)
	at k.registerCommand.description (/home/xmarksthespot/.vscode-server/bin/b380da4ef1ee00e224a15c1d4d9793e27c2b6302/out/vs/workbench/api/node/extensionHostProcess.js:100:128747)
	at e.ExtHostCommands.h (/home/xmarksthespot/.vscode-server/bin/b380da4ef1ee00e224a15c1d4d9793e27c2b6302/out/vs/workbench/api/node/extensionHostProcess.js:100:130664)
	at e.ExtHostCommands.g (/home/xmarksthespot/.vscode-server/bin/b380da4ef1ee00e224a15c1d4d9793e27c2b6302/out/vs/workbench/api/node/extensionHostProcess.js:100:129554)
	at e.ExtHostCommands.executeCommand (/home/xmarksthespot/.vscode-server/bin/b380da4ef1ee00e224a15c1d4d9793e27c2b6302/out/vs/workbench/api/node/extensionHostProcess.js:100:129454)
	at Object.executeCommand (/home/xmarksthespot/.vscode-server/bin/b380da4ef1ee00e224a15c1d4d9793e27c2b6302/out/vs/workbench/api/node/extensionHostProcess.js:118:24230)
	at p.VscodeDevShareProvider.set b [as b] (/home/xmarksthespot/.vscode-server/bin/b380da4ef1ee00e224a15c1d4d9793e27c2b6302/extensions/github/dist/extension.js:2:152873)
	at /home/xmarksthespot/.vscode-server/bin/b380da4ef1ee00e224a15c1d4d9793e27c2b6302/extensions/github/dist/extension.js:2:153583
	at /home/xmarksthespot/.vscode-server/bin/b380da4ef1ee00e224a15c1d4d9793e27c2b6302/extensions/git/dist/main.js:2:1348853
	at b.invoke (/home/xmarksthespot/.vscode-server/bin/b380da4ef1ee00e224a15c1d4d9793e27c2b6302/out/vs/workbench/api/node/extensionHostProcess.js:63:145)
	at deliver (/home/xmarksthespot/.vscode-server/bin/b380da4ef1ee00e224a15c1d4d9793e27c2b6302/out/vs/workbench/api/node/extensionHostProcess.js:63:2121)
	at n.fire (/home/xmarksthespot/.vscode-server/bin/b380da4ef1ee00e224a15c1d4d9793e27c2b6302/out/vs/workbench/api/node/extensionHostProcess.js:63:1729)
	at Object.m [as dispose] (/home/xmarksthespot/.vscode-server/bin/b380da4ef1ee00e224a15c1d4d9793e27c2b6302/extensions/git/dist/main.js:2:1276093)
	at /home/xmarksthespot/.vscode-server/bin/b380da4ef1ee00e224a15c1d4d9793e27c2b6302/extensions/git/dist/main.js:2:1280594
	at Array.forEach (<anonymous>)
	at g.dispose (/home/xmarksthespot/.vscode-server/bin/b380da4ef1ee00e224a15c1d4d9793e27c2b6302/extensions/git/dist/main.js:2:1280580)
	at r.<anonymous> (/home/xmarksthespot/.vscode-server/bin/b380da4ef1ee00e224a15c1d4d9793e27c2b6302/out/vs/workbench/api/node/extensionHostProcess.js:98:12552)
	at r.dispose (/home/xmarksthespot/.vscode-server/bin/b380da4ef1ee00e224a15c1d4d9793e27c2b6302/out/vs/workbench/api/node/extensionHostProcess.js:98:12687)
	at r.<anonymous> (/home/xmarksthespot/.vscode-server/bin/b380da4ef1ee00e224a15c1d4d9793e27c2b6302/extensions/git/dist/main.js:2:1263390)
	at r.dispose (/home/xmarksthespot/.vscode-server/bin/b380da4ef1ee00e224a15c1d4d9793e27c2b6302/out/vs/workbench/api/node/extensionHostProcess.js:98:12687)
	at I (/home/xmarksthespot/.vscode-server/bin/b380da4ef1ee00e224a15c1d4d9793e27c2b6302/out/vs/workbench/api/node/extensionHostProcess.js:10:12083)
	at n.Z (/home/xmarksthespot/.vscode-server/bin/b380da4ef1ee00e224a15c1d4d9793e27c2b6302/out/vs/workbench/api/node/extensionHostProcess.js:114:11285)
	at /home/xmarksthespot/.vscode-server/bin/b380da4ef1ee00e224a15c1d4d9793e27c2b6302/out/vs/workbench/api/node/extensionHostProcess.js:114:9187
	at Array.map (<anonymous>)
	at n.S (/home/xmarksthespot/.vscode-server/bin/b380da4ef1ee00e224a15c1d4d9793e27c2b6302/out/vs/workbench/api/node/extensionHostProcess.js:114:9175)
	at n.terminate (/home/xmarksthespot/.vscode-server/bin/b380da4ef1ee00e224a15c1d4d9793e27c2b6302/out/vs/workbench/api/node/extensionHostProcess.js:114:9445)
	at h.terminate (/home/xmarksthespot/.vscode-server/bin/b380da4ef1ee00e224a15c1d4d9793e27c2b6302/out/vs/workbench/api/node/extensionHostProcess.js:118:1544)
	at p (/home/xmarksthespot/.vscode-server/bin/b380da4ef1ee00e224a15c1d4d9793e27c2b6302/out/vs/workbench/api/node/extensionHostProcess.js:128:34497)
	at /home/xmarksthespot/.vscode-server/bin/b380da4ef1ee00e224a15c1d4d9793e27c2b6302/out/vs/workbench/api/node/extensionHostProcess.js:128:32407
	at b.invoke (/home/xmarksthespot/.vscode-server/bin/b380da4ef1ee00e224a15c1d4d9793e27c2b6302/out/vs/workbench/api/node/extensionHostProcess.js:63:145)
	at deliver (/home/xmarksthespot/.vscode-server/bin/b380da4ef1ee00e224a15c1d4d9793e27c2b6302/out/vs/workbench/api/node/extensionHostProcess.js:63:2121)
	at n.fire (/home/xmarksthespot/.vscode-server/bin/b380da4ef1ee00e224a15c1d4d9793e27c2b6302/out/vs/workbench/api/node/extensionHostProcess.js:63:1729)
	at p.fire (/home/xmarksthespot/.vscode-server/bin/b380da4ef1ee00e224a15c1d4d9793e27c2b6302/out/vs/workbench/api/node/extensionHostProcess.js:73:14783)
	at D.E (/home/xmarksthespot/.vscode-server/bin/b380da4ef1ee00e224a15c1d4d9793e27c2b6302/out/vs/workbench/api/node/extensionHostProcess.js:73:18830)
	at /home/xmarksthespot/.vscode-server/bin/b380da4ef1ee00e224a15c1d4d9793e27c2b6302/out/vs/workbench/api/node/extensionHostProcess.js:73:16818
	at b.invoke (/home/xmarksthespot/.vscode-server/bin/b380da4ef1ee00e224a15c1d4d9793e27c2b6302/out/vs/workbench/api/node/extensionHostProcess.js:63:145)
	at deliver (/home/xmarksthespot/.vscode-server/bin/b380da4ef1ee00e224a15c1d4d9793e27c2b6302/out/vs/workbench/api/node/extensionHostProcess.js:63:2121)
	at n.fire (/home/xmarksthespot/.vscode-server/bin/b380da4ef1ee00e224a15c1d4d9793e27c2b6302/out/vs/workbench/api/node/extensionHostProcess.js:63:1729)
	at h.acceptChunk (/home/xmarksthespot/.vscode-server/bin/b380da4ef1ee00e224a15c1d4d9793e27c2b6302/out/vs/workbench/api/node/extensionHostProcess.js:73:12514)
	at /home/xmarksthespot/.vscode-server/bin/b380da4ef1ee00e224a15c1d4d9793e27c2b6302/out/vs/workbench/api/node/extensionHostProcess.js:73:11801
	at b.invoke (/home/xmarksthespot/.vscode-server/bin/b380da4ef1ee00e224a15c1d4d9793e27c2b6302/out/vs/workbench/api/node/extensionHostProcess.js:63:145)
	at deliver (/home/xmarksthespot/.vscode-server/bin/b380da4ef1ee00e224a15c1d4d9793e27c2b6302/out/vs/workbench/api/node/extensionHostProcess.js:63:2121)
	at n.fire (/home/xmarksthespot/.vscode-server/bin/b380da4ef1ee00e224a15c1d4d9793e27c2b6302/out/vs/workbench/api/node/extensionHostProcess.js:63:1729)
	at E.u (/home/xmarksthespot/.vscode-server/bin/b380da4ef1ee00e224a15c1d4d9793e27c2b6302/out/vs/workbench/api/node/extensionHostProcess.js:128:20037)
	at E.acceptFrame (/home/xmarksthespot/.vscode-server/bin/b380da4ef1ee00e224a15c1d4d9793e27c2b6302/out/vs/workbench/api/node/extensionHostProcess.js:128:19843)
	at d.l (/home/xmarksthespot/.vscode-server/bin/b380da4ef1ee00e224a15c1d4d9793e27c2b6302/out/vs/workbench/api/node/extensionHostProcess.js:128:18436)
	at /home/xmarksthespot/.vscode-server/bin/b380da4ef1ee00e224a15c1d4d9793e27c2b6302/out/vs/workbench/api/node/extensionHostProcess.js:128:15773
	at Socket.i (/home/xmarksthespot/.vscode-server/bin/b380da4ef1ee00e224a15c1d4d9793e27c2b6302/out/vs/workbench/api/node/extensionHostProcess.js:128:13607)
	at Socket.emit (node:events:513:28)
	at addChunk (node:internal/streams/readable:315:12)
	at readableAddChunk (node:internal/streams/readable:289:9)
	at Socket.Readable.push (node:internal/streams/readable:228:10)
	at TCP.onStreamRead (node:internal/stream_base_commons:190:23) setContext undefined
2023-06-12 14:02:30.251 [info] Extension host with pid 114397 exiting with code 0
