2023-06-13 14:00:19.340 [info] Log level: Info
2023-06-13 14:00:19.340 [info] Validating found git in: "git"
2023-06-13 14:00:19.340 [info] Using git "2.34.1" from "git"
2023-06-13 14:00:19.340 [info] > git rev-parse --show-toplevel [21ms]
2023-06-13 14:00:19.340 [info] > git rev-parse --git-dir --git-common-dir [1ms]
2023-06-13 14:00:19.353 [info] Open repository: /home/xmarksthespot
2023-06-13 14:00:19.383 [info] > git rev-parse --show-toplevel [27ms]
2023-06-13 14:00:19.389 [info] > git rev-parse --show-toplevel [3ms]
2023-06-13 14:00:19.391 [info] > git config --get commit.template [13ms]
2023-06-13 14:00:19.397 [info] > git for-each-ref --format=%(refname)%00%(upstream:short)%00%(objectname)%00%(upstream:track)%00%(upstream:remotename)%00%(upstream:remoteref) refs/heads/main refs/remotes/main [2ms]
2023-06-13 14:00:19.412 [info] > git status -z -uall --find-renames=50% [11ms]
2023-06-13 14:00:19.739 [info] > git config --get commit.template [16ms]
2023-06-13 14:00:19.745 [info] > git for-each-ref --format=%(refname)%00%(upstream:short)%00%(objectname)%00%(upstream:track)%00%(upstream:remotename)%00%(upstream:remoteref) refs/heads/main refs/remotes/main [3ms]
2023-06-13 14:00:19.757 [info] > git status -z -uall --find-renames=50% [9ms]
2023-06-13 14:00:19.834 [info] > git fetch [482ms]
2023-06-13 14:00:19.834 [info] Missing or invalid credentials.
Skip silent fetch commands
Missing or invalid credentials.
Skip silent fetch commands
remote: Repository not found.
fatal: Authentication failed for 'https://github.com/XMarksDSpot/SpringBoard/'
2023-06-13 14:00:19.841 [info] > git config --get commit.template [3ms]
2023-06-13 14:00:19.843 [info] > git for-each-ref --format=%(refname)%00%(upstream:short)%00%(objectname)%00%(upstream:track)%00%(upstream:remotename)%00%(upstream:remoteref) refs/heads/main refs/remotes/main [3ms]
2023-06-13 14:00:19.855 [info] > git status -z -uall --find-renames=50% [10ms]
2023-06-13 14:00:23.263 [info] > git config --get commit.template [2ms]
2023-06-13 14:00:23.273 [info] > git for-each-ref --format=%(refname)%00%(upstream:short)%00%(objectname)%00%(upstream:track)%00%(upstream:remotename)%00%(upstream:remoteref) refs/heads/main refs/remotes/main [5ms]
2023-06-13 14:00:23.286 [info] > git status -z -uall --find-renames=50% [10ms]
2023-06-13 14:00:28.361 [info] > git config --get commit.template [1ms]
2023-06-13 14:00:28.371 [info] > git for-each-ref --format=%(refname)%00%(upstream:short)%00%(objectname)%00%(upstream:track)%00%(upstream:remotename)%00%(upstream:remoteref) refs/heads/main refs/remotes/main [4ms]
2023-06-13 14:00:28.385 [info] > git status -z -uall --find-renames=50% [10ms]
2023-06-13 14:00:33.444 [info] > git config --get commit.template [0ms]
2023-06-13 14:00:33.456 [info] > git for-each-ref --format=%(refname)%00%(upstream:short)%00%(objectname)%00%(upstream:track)%00%(upstream:remotename)%00%(upstream:remoteref) refs/heads/main refs/remotes/main [2ms]
2023-06-13 14:00:33.469 [info] > git status -z -uall --find-renames=50% [8ms]
2023-06-13 14:00:38.568 [info] > git config --get commit.template [1ms]
2023-06-13 14:00:38.580 [info] > git for-each-ref --format=%(refname)%00%(upstream:short)%00%(objectname)%00%(upstream:track)%00%(upstream:remotename)%00%(upstream:remoteref) refs/heads/main refs/remotes/main [5ms]
2023-06-13 14:00:38.594 [info] > git status -z -uall --find-renames=50% [9ms]
2023-06-13 14:00:43.653 [info] > git config --get commit.template [1ms]
2023-06-13 14:00:43.660 [info] > git for-each-ref --format=%(refname)%00%(upstream:short)%00%(objectname)%00%(upstream:track)%00%(upstream:remotename)%00%(upstream:remoteref) refs/heads/main refs/remotes/main [3ms]
2023-06-13 14:00:43.672 [info] > git status -z -uall --find-renames=50% [9ms]
2023-06-13 14:00:48.729 [info] > git config --get commit.template [1ms]
2023-06-13 14:00:48.741 [info] > git for-each-ref --format=%(refname)%00%(upstream:short)%00%(objectname)%00%(upstream:track)%00%(upstream:remotename)%00%(upstream:remoteref) refs/heads/main refs/remotes/main [4ms]
2023-06-13 14:00:48.760 [info] > git status -z -uall --find-renames=50% [14ms]
2023-06-13 14:00:53.830 [info] > git config --get commit.template [1ms]
2023-06-13 14:00:53.838 [info] > git for-each-ref --format=%(refname)%00%(upstream:short)%00%(objectname)%00%(upstream:track)%00%(upstream:remotename)%00%(upstream:remoteref) refs/heads/main refs/remotes/main [2ms]
2023-06-13 14:00:53.851 [info] > git status -z -uall --find-renames=50% [9ms]
2023-06-13 14:00:53.919 [info] > git check-ignore -v -z --stdin [3ms]
2023-06-13 14:00:59.288 [info] > git config --get commit.template [1ms]
2023-06-13 14:00:59.303 [info] > git for-each-ref --format=%(refname)%00%(upstream:short)%00%(objectname)%00%(upstream:track)%00%(upstream:remotename)%00%(upstream:remoteref) refs/heads/main refs/remotes/main [2ms]
2023-06-13 14:00:59.316 [info] > git status -z -uall --find-renames=50% [9ms]
2023-06-13 14:01:03.681 [info] > git for-each-ref --sort -committerdate --format %(refname) %(objectname) %(*objectname) [2ms]
2023-06-13 14:01:04.382 [info] > git config --get commit.template [8ms]
2023-06-13 14:01:04.384 [info] > git for-each-ref --format=%(refname)%00%(upstream:short)%00%(objectname)%00%(upstream:track)%00%(upstream:remotename)%00%(upstream:remoteref) refs/heads/main refs/remotes/main [3ms]
2023-06-13 14:01:04.410 [info] > git status -z -uall --find-renames=50% [17ms]
2023-06-13 14:01:09.506 [info] > git config --get commit.template [1ms]
2023-06-13 14:01:09.513 [info] > git for-each-ref --format=%(refname)%00%(upstream:short)%00%(objectname)%00%(upstream:track)%00%(upstream:remotename)%00%(upstream:remoteref) refs/heads/main refs/remotes/main [1ms]
2023-06-13 14:01:09.527 [info] > git status -z -uall --find-renames=50% [10ms]
2023-06-13 14:01:14.605 [info] > git config --get commit.template [7ms]
2023-06-13 14:01:14.608 [info] > git for-each-ref --format=%(refname)%00%(upstream:short)%00%(objectname)%00%(upstream:track)%00%(upstream:remotename)%00%(upstream:remoteref) refs/heads/main refs/remotes/main [3ms]
2023-06-13 14:01:14.620 [info] > git status -z -uall --find-renames=50% [8ms]
2023-06-13 14:01:19.677 [info] > git config --get commit.template [1ms]
2023-06-13 14:01:19.691 [info] > git for-each-ref --format=%(refname)%00%(upstream:short)%00%(objectname)%00%(upstream:track)%00%(upstream:remotename)%00%(upstream:remoteref) refs/heads/main refs/remotes/main [7ms]
2023-06-13 14:01:19.719 [info] > git status -z -uall --find-renames=50% [23ms]
2023-06-13 14:01:20.128 [info] > git for-each-ref --format %(refname:short)%00%(upstream:short) refs/heads [1ms]
2023-06-13 14:01:20.136 [info] > git checkout -q --track main/main [1ms]
2023-06-13 14:01:20.136 [info] fatal: A branch named 'main' already exists.
2023-06-13 14:01:20.142 [info] > git config --get commit.template [1ms]
2023-06-13 14:01:20.148 [info] > git for-each-ref --format=%(refname)%00%(upstream:short)%00%(objectname)%00%(upstream:track)%00%(upstream:remotename)%00%(upstream:remoteref) refs/heads/main refs/remotes/main [2ms]
2023-06-13 14:01:20.161 [info] > git status -z -uall --find-renames=50% [9ms]
2023-06-13 14:01:26.305 [info] > git config --get commit.template [1ms]
2023-06-13 14:01:26.313 [info] > git for-each-ref --format=%(refname)%00%(upstream:short)%00%(objectname)%00%(upstream:track)%00%(upstream:remotename)%00%(upstream:remoteref) refs/heads/main refs/remotes/main [2ms]
2023-06-13 14:01:26.326 [info] > git status -z -uall --find-renames=50% [9ms]
2023-06-13 14:01:27.027 [info] > git for-each-ref --sort -committerdate --format %(refname) %(objectname) %(*objectname) [1ms]
2023-06-13 14:01:31.377 [info] > git config --get commit.template [1ms]
2023-06-13 14:01:31.383 [info] > git for-each-ref --format=%(refname)%00%(upstream:short)%00%(objectname)%00%(upstream:track)%00%(upstream:remotename)%00%(upstream:remoteref) refs/heads/main refs/remotes/main [2ms]
2023-06-13 14:01:31.397 [info] > git status -z -uall --find-renames=50% [10ms]
2023-06-13 14:01:32.489 [info] > git for-each-ref --format %(refname:short)%00%(upstream:short) refs/heads [1ms]
2023-06-13 14:01:32.497 [info] > git checkout -q --track main/main [3ms]
2023-06-13 14:01:32.497 [info] fatal: A branch named 'main' already exists.
2023-06-13 14:01:32.507 [info] > git config --get commit.template [4ms]
2023-06-13 14:01:32.510 [info] > git for-each-ref --format=%(refname)%00%(upstream:short)%00%(objectname)%00%(upstream:track)%00%(upstream:remotename)%00%(upstream:remoteref) refs/heads/main refs/remotes/main [2ms]
2023-06-13 14:01:32.523 [info] > git status -z -uall --find-renames=50% [10ms]
2023-06-13 14:01:36.476 [info] > git config --get commit.template [1ms]
2023-06-13 14:01:36.482 [info] > git for-each-ref --format=%(refname)%00%(upstream:short)%00%(objectname)%00%(upstream:track)%00%(upstream:remotename)%00%(upstream:remoteref) refs/heads/main refs/remotes/main [2ms]
2023-06-13 14:01:36.497 [info] > git status -z -uall --find-renames=50% [10ms]
2023-06-13 14:01:41.560 [info] > git config --get commit.template [8ms]
2023-06-13 14:01:41.564 [info] > git for-each-ref --format=%(refname)%00%(upstream:short)%00%(objectname)%00%(upstream:track)%00%(upstream:remotename)%00%(upstream:remoteref) refs/heads/main refs/remotes/main [5ms]
2023-06-13 14:01:41.577 [info] > git status -z -uall --find-renames=50% [9ms]
2023-06-13 14:01:46.636 [info] > git config --get commit.template [2ms]
2023-06-13 14:01:46.650 [info] > git for-each-ref --format=%(refname)%00%(upstream:short)%00%(objectname)%00%(upstream:track)%00%(upstream:remotename)%00%(upstream:remoteref) refs/heads/main refs/remotes/main [5ms]
2023-06-13 14:01:46.669 [info] > git status -z -uall --find-renames=50% [11ms]
2023-06-13 14:01:51.742 [info] > git config --get commit.template [7ms]
2023-06-13 14:01:51.744 [info] > git for-each-ref --format=%(refname)%00%(upstream:short)%00%(objectname)%00%(upstream:track)%00%(upstream:remotename)%00%(upstream:remoteref) refs/heads/main refs/remotes/main [3ms]
2023-06-13 14:01:51.759 [info] > git status -z -uall --find-renames=50% [10ms]
2023-06-13 14:01:56.819 [info] > git config --get commit.template [6ms]
2023-06-13 14:01:56.822 [info] > git for-each-ref --format=%(refname)%00%(upstream:short)%00%(objectname)%00%(upstream:track)%00%(upstream:remotename)%00%(upstream:remoteref) refs/heads/main refs/remotes/main [4ms]
2023-06-13 14:01:56.841 [info] > git status -z -uall --find-renames=50% [13ms]
2023-06-13 14:02:02.876 [info] > git config --get commit.template [8ms]
2023-06-13 14:02:02.884 [info] > git for-each-ref --format=%(refname)%00%(upstream:short)%00%(objectname)%00%(upstream:track)%00%(upstream:remotename)%00%(upstream:remoteref) refs/heads/main refs/remotes/main [4ms]
2023-06-13 14:02:02.899 [info] > git status -z -uall --find-renames=50% [10ms]
