2023-06-13 16:51:23.760 [info] Log level: Info
2023-06-13 16:51:23.761 [info] Validating found git in: "git"
2023-06-13 16:51:23.761 [info] Using git "2.34.1" from "git"
2023-06-13 16:51:23.761 [info] > git rev-parse --show-toplevel [25ms]
2023-06-13 16:51:23.761 [info] > git rev-parse --git-dir --git-common-dir [1ms]
2023-06-13 16:51:23.761 [info] Open repository: /home/xmarksthespot
2023-06-13 16:51:23.761 [info] > git rev-parse --show-toplevel [32ms]
2023-06-13 16:51:23.761 [info] > git rev-parse --show-toplevel [10ms]
2023-06-13 16:51:23.761 [info] > git config --get commit.template [19ms]
2023-06-13 16:51:23.761 [info] > git rev-parse --show-toplevel [7ms]
2023-06-13 16:51:23.769 [info] > git for-each-ref --format=%(refname)%00%(upstream:short)%00%(objectname)%00%(upstream:track)%00%(upstream:remotename)%00%(upstream:remoteref) refs/heads/styling refs/remotes/styling [2ms]
2023-06-13 16:51:23.773 [info] > git status -z -uall --find-renames=50% [1ms]
2023-06-13 16:51:23.781 [info] > git config --get commit.template [2ms]
2023-06-13 16:51:23.785 [info] > git for-each-ref --format=%(refname)%00%(upstream:short)%00%(objectname)%00%(upstream:track)%00%(upstream:remotename)%00%(upstream:remoteref) refs/heads/styling refs/remotes/styling [1ms]
2023-06-13 16:51:23.788 [info] > git status -z -uall --find-renames=50% [0ms]
2023-06-13 16:51:24.031 [info] > git show --textconv :styles.css [3ms]
2023-06-13 16:51:24.032 [info] > git ls-files --stage -- /home/xmarksthespot/styles.css [2ms]
2023-06-13 16:51:24.035 [info] > git cat-file -s 7f41908e87b4cdefd0705ce163aa28e58e9d3c04 [1ms]
2023-06-13 16:51:24.221 [info] > git check-ignore -v -z --stdin [2ms]
2023-06-13 16:51:24.242 [info] > git fetch [538ms]
2023-06-13 16:51:24.242 [info] Missing or invalid credentials.
Skip silent fetch commands
Missing or invalid credentials.
Skip silent fetch commands
remote: Repository not found.
fatal: Authentication failed for 'https://github.com/XMarksDSpot/SpringBoard/'
2023-06-13 16:51:24.246 [info] > git config --get commit.template [0ms]
2023-06-13 16:51:24.249 [info] > git for-each-ref --format=%(refname)%00%(upstream:short)%00%(objectname)%00%(upstream:track)%00%(upstream:remotename)%00%(upstream:remoteref) refs/heads/styling refs/remotes/styling [1ms]
2023-06-13 16:51:24.252 [info] > git status -z -uall --find-renames=50% [1ms]
2023-06-13 16:51:24.975 [info] > git ls-files --stage -- /home/xmarksthespot/styles.css [1ms]
2023-06-13 16:51:24.978 [info] > git cat-file -s 7f41908e87b4cdefd0705ce163aa28e58e9d3c04 [0ms]
2023-06-13 16:51:24.986 [info] > git show --textconv :styles.css [1ms]
2023-06-13 16:51:27.356 [info] > git config --get commit.template [1ms]
2023-06-13 16:51:27.361 [info] > git for-each-ref --format=%(refname)%00%(upstream:short)%00%(objectname)%00%(upstream:track)%00%(upstream:remotename)%00%(upstream:remoteref) refs/heads/styling refs/remotes/styling [1ms]
2023-06-13 16:51:27.365 [info] > git status -z -uall --find-renames=50% [1ms]
2023-06-13 16:51:32.379 [info] > git config --get commit.template [4ms]
2023-06-13 16:51:32.380 [info] > git for-each-ref --format=%(refname)%00%(upstream:short)%00%(objectname)%00%(upstream:track)%00%(upstream:remotename)%00%(upstream:remoteref) refs/heads/styling refs/remotes/styling [2ms]
2023-06-13 16:51:32.383 [info] > git status -z -uall --find-renames=50% [1ms]
2023-06-13 16:51:37.441 [info] > git config --get commit.template [1ms]
2023-06-13 16:51:37.448 [info] > git for-each-ref --format=%(refname)%00%(upstream:short)%00%(objectname)%00%(upstream:track)%00%(upstream:remotename)%00%(upstream:remoteref) refs/heads/styling refs/remotes/styling [2ms]
2023-06-13 16:51:37.454 [info] > git status -z -uall --find-renames=50% [1ms]
2023-06-13 16:51:42.510 [info] > git config --get commit.template [1ms]
2023-06-13 16:51:42.513 [info] > git for-each-ref --format=%(refname)%00%(upstream:short)%00%(objectname)%00%(upstream:track)%00%(upstream:remotename)%00%(upstream:remoteref) refs/heads/styling refs/remotes/styling [1ms]
2023-06-13 16:51:42.516 [info] > git status -z -uall --find-renames=50% [0ms]
2023-06-13 16:51:47.538 [info] > git config --get commit.template [5ms]
2023-06-13 16:51:47.539 [info] > git for-each-ref --format=%(refname)%00%(upstream:short)%00%(objectname)%00%(upstream:track)%00%(upstream:remotename)%00%(upstream:remoteref) refs/heads/styling refs/remotes/styling [2ms]
2023-06-13 16:51:47.546 [info] > git status -z -uall --find-renames=50% [1ms]
2023-06-13 16:51:52.560 [info] > git config --get commit.template [1ms]
2023-06-13 16:51:52.568 [info] > git for-each-ref --format=%(refname)%00%(upstream:short)%00%(objectname)%00%(upstream:track)%00%(upstream:remotename)%00%(upstream:remoteref) refs/heads/styling refs/remotes/styling [4ms]
2023-06-13 16:51:52.575 [info] > git status -z -uall --find-renames=50% [1ms]
2023-06-13 16:51:57.590 [info] > git config --get commit.template [2ms]
2023-06-13 16:51:57.594 [info] > git for-each-ref --format=%(refname)%00%(upstream:short)%00%(objectname)%00%(upstream:track)%00%(upstream:remotename)%00%(upstream:remoteref) refs/heads/styling refs/remotes/styling [1ms]
2023-06-13 16:51:57.597 [info] > git status -z -uall --find-renames=50% [1ms]
2023-06-13 16:52:02.603 [info] > git config --get commit.template [1ms]
2023-06-13 16:52:02.606 [info] > git for-each-ref --format=%(refname)%00%(upstream:short)%00%(objectname)%00%(upstream:track)%00%(upstream:remotename)%00%(upstream:remoteref) refs/heads/styling refs/remotes/styling [1ms]
2023-06-13 16:52:02.610 [info] > git status -z -uall --find-renames=50% [2ms]
2023-06-13 16:52:07.633 [info] > git config --get commit.template [5ms]
2023-06-13 16:52:07.634 [info] > git for-each-ref --format=%(refname)%00%(upstream:short)%00%(objectname)%00%(upstream:track)%00%(upstream:remotename)%00%(upstream:remoteref) refs/heads/styling refs/remotes/styling [1ms]
2023-06-13 16:52:07.639 [info] > git status -z -uall --find-renames=50% [2ms]
2023-06-13 16:52:12.662 [info] > git config --get commit.template [3ms]
2023-06-13 16:52:12.662 [info] > git for-each-ref --format=%(refname)%00%(upstream:short)%00%(objectname)%00%(upstream:track)%00%(upstream:remotename)%00%(upstream:remoteref) refs/heads/styling refs/remotes/styling [1ms]
2023-06-13 16:52:12.665 [info] > git status -z -uall --find-renames=50% [1ms]
2023-06-13 16:52:17.673 [info] > git config --get commit.template [1ms]
2023-06-13 16:52:17.677 [info] > git for-each-ref --format=%(refname)%00%(upstream:short)%00%(objectname)%00%(upstream:track)%00%(upstream:remotename)%00%(upstream:remoteref) refs/heads/styling refs/remotes/styling [1ms]
2023-06-13 16:52:17.682 [info] > git status -z -uall --find-renames=50% [2ms]
2023-06-13 16:52:22.699 [info] > git config --get commit.template [7ms]
2023-06-13 16:52:22.699 [info] > git for-each-ref --format=%(refname)%00%(upstream:short)%00%(objectname)%00%(upstream:track)%00%(upstream:remotename)%00%(upstream:remoteref) refs/heads/styling refs/remotes/styling [2ms]
2023-06-13 16:52:22.704 [info] > git status -z -uall --find-renames=50% [1ms]
2023-06-13 16:52:27.717 [info] > git config --get commit.template [1ms]
2023-06-13 16:52:27.724 [info] > git for-each-ref --format=%(refname)%00%(upstream:short)%00%(objectname)%00%(upstream:track)%00%(upstream:remotename)%00%(upstream:remoteref) refs/heads/styling refs/remotes/styling [1ms]
2023-06-13 16:52:27.731 [info] > git status -z -uall --find-renames=50% [2ms]
2023-06-13 16:52:32.742 [info] > git config --get commit.template [3ms]
2023-06-13 16:52:32.743 [info] > git for-each-ref --format=%(refname)%00%(upstream:short)%00%(objectname)%00%(upstream:track)%00%(upstream:remotename)%00%(upstream:remoteref) refs/heads/styling refs/remotes/styling [1ms]
2023-06-13 16:52:32.746 [info] > git status -z -uall --find-renames=50% [1ms]
2023-06-13 16:52:37.758 [info] > git config --get commit.template [3ms]
2023-06-13 16:52:37.759 [info] > git for-each-ref --format=%(refname)%00%(upstream:short)%00%(objectname)%00%(upstream:track)%00%(upstream:remotename)%00%(upstream:remoteref) refs/heads/styling refs/remotes/styling [2ms]
2023-06-13 16:52:37.763 [info] > git status -z -uall --find-renames=50% [1ms]
2023-06-13 16:52:42.777 [info] > git config --get commit.template [5ms]
2023-06-13 16:52:42.777 [info] > git for-each-ref --format=%(refname)%00%(upstream:short)%00%(objectname)%00%(upstream:track)%00%(upstream:remotename)%00%(upstream:remoteref) refs/heads/styling refs/remotes/styling [0ms]
2023-06-13 16:52:42.783 [info] > git status -z -uall --find-renames=50% [2ms]
2023-06-13 16:52:47.816 [info] > git config --get commit.template [7ms]
2023-06-13 16:52:47.817 [info] > git for-each-ref --format=%(refname)%00%(upstream:short)%00%(objectname)%00%(upstream:track)%00%(upstream:remotename)%00%(upstream:remoteref) refs/heads/styling refs/remotes/styling [1ms]
2023-06-13 16:52:47.822 [info] > git status -z -uall --find-renames=50% [1ms]
2023-06-13 16:52:52.832 [info] > git config --get commit.template [4ms]
2023-06-13 16:52:52.833 [info] > git for-each-ref --format=%(refname)%00%(upstream:short)%00%(objectname)%00%(upstream:track)%00%(upstream:remotename)%00%(upstream:remoteref) refs/heads/styling refs/remotes/styling [1ms]
2023-06-13 16:52:52.836 [info] > git status -z -uall --find-renames=50% [0ms]
2023-06-13 16:52:57.847 [info] > git config --get commit.template [1ms]
2023-06-13 16:52:57.853 [info] > git for-each-ref --format=%(refname)%00%(upstream:short)%00%(objectname)%00%(upstream:track)%00%(upstream:remotename)%00%(upstream:remoteref) refs/heads/styling refs/remotes/styling [1ms]
2023-06-13 16:52:57.858 [info] > git status -z -uall --find-renames=50% [1ms]
2023-06-13 16:53:02.874 [info] > git config --get commit.template [5ms]
2023-06-13 16:53:02.876 [info] > git for-each-ref --format=%(refname)%00%(upstream:short)%00%(objectname)%00%(upstream:track)%00%(upstream:remotename)%00%(upstream:remoteref) refs/heads/styling refs/remotes/styling [1ms]
2023-06-13 16:53:02.882 [info] > git status -z -uall --find-renames=50% [2ms]
2023-06-13 16:53:07.896 [info] > git config --get commit.template [1ms]
2023-06-13 16:53:07.903 [info] > git for-each-ref --format=%(refname)%00%(upstream:short)%00%(objectname)%00%(upstream:track)%00%(upstream:remotename)%00%(upstream:remoteref) refs/heads/styling refs/remotes/styling [2ms]
2023-06-13 16:53:07.910 [info] > git status -z -uall --find-renames=50% [2ms]
2023-06-13 16:53:12.932 [info] > git config --get commit.template [8ms]
2023-06-13 16:53:12.933 [info] > git for-each-ref --format=%(refname)%00%(upstream:short)%00%(objectname)%00%(upstream:track)%00%(upstream:remotename)%00%(upstream:remoteref) refs/heads/styling refs/remotes/styling [1ms]
2023-06-13 16:53:12.940 [info] > git status -z -uall --find-renames=50% [2ms]
2023-06-13 16:53:17.949 [info] > git config --get commit.template [1ms]
2023-06-13 16:53:17.953 [info] > git for-each-ref --format=%(refname)%00%(upstream:short)%00%(objectname)%00%(upstream:track)%00%(upstream:remotename)%00%(upstream:remoteref) refs/heads/styling refs/remotes/styling [1ms]
2023-06-13 16:53:17.956 [info] > git status -z -uall --find-renames=50% [1ms]
2023-06-13 16:53:22.974 [info] > git config --get commit.template [5ms]
2023-06-13 16:53:22.974 [info] > git for-each-ref --format=%(refname)%00%(upstream:short)%00%(objectname)%00%(upstream:track)%00%(upstream:remotename)%00%(upstream:remoteref) refs/heads/styling refs/remotes/styling [1ms]
2023-06-13 16:53:22.980 [info] > git status -z -uall --find-renames=50% [1ms]
2023-06-13 16:53:27.999 [info] > git config --get commit.template [1ms]
2023-06-13 16:53:28.004 [info] > git for-each-ref --format=%(refname)%00%(upstream:short)%00%(objectname)%00%(upstream:track)%00%(upstream:remotename)%00%(upstream:remoteref) refs/heads/styling refs/remotes/styling [2ms]
2023-06-13 16:53:28.007 [info] > git status -z -uall --find-renames=50% [1ms]
2023-06-13 16:53:33.026 [info] > git config --get commit.template [1ms]
2023-06-13 16:53:33.030 [info] > git for-each-ref --format=%(refname)%00%(upstream:short)%00%(objectname)%00%(upstream:track)%00%(upstream:remotename)%00%(upstream:remoteref) refs/heads/styling refs/remotes/styling [0ms]
2023-06-13 16:53:33.033 [info] > git status -z -uall --find-renames=50% [1ms]
2023-06-13 16:53:38.046 [info] > git config --get commit.template [2ms]
2023-06-13 16:53:38.053 [info] > git for-each-ref --format=%(refname)%00%(upstream:short)%00%(objectname)%00%(upstream:track)%00%(upstream:remotename)%00%(upstream:remoteref) refs/heads/styling refs/remotes/styling [0ms]
2023-06-13 16:53:38.058 [info] > git status -z -uall --find-renames=50% [2ms]
2023-06-13 16:53:43.075 [info] > git config --get commit.template [6ms]
2023-06-13 16:53:43.076 [info] > git for-each-ref --format=%(refname)%00%(upstream:short)%00%(objectname)%00%(upstream:track)%00%(upstream:remotename)%00%(upstream:remoteref) refs/heads/styling refs/remotes/styling [2ms]
2023-06-13 16:53:43.083 [info] > git status -z -uall --find-renames=50% [2ms]
2023-06-13 16:53:48.103 [info] > git config --get commit.template [1ms]
2023-06-13 16:53:48.110 [info] > git for-each-ref --format=%(refname)%00%(upstream:short)%00%(objectname)%00%(upstream:track)%00%(upstream:remotename)%00%(upstream:remoteref) refs/heads/styling refs/remotes/styling [2ms]
2023-06-13 16:53:48.117 [info] > git status -z -uall --find-renames=50% [3ms]
2023-06-13 16:53:53.130 [info] > git config --get commit.template [1ms]
2023-06-13 16:53:53.136 [info] > git for-each-ref --format=%(refname)%00%(upstream:short)%00%(objectname)%00%(upstream:track)%00%(upstream:remotename)%00%(upstream:remoteref) refs/heads/styling refs/remotes/styling [1ms]
2023-06-13 16:53:53.142 [info] > git status -z -uall --find-renames=50% [2ms]
2023-06-13 16:53:58.159 [info] > git config --get commit.template [2ms]
2023-06-13 16:53:58.163 [info] > git for-each-ref --format=%(refname)%00%(upstream:short)%00%(objectname)%00%(upstream:track)%00%(upstream:remotename)%00%(upstream:remoteref) refs/heads/styling refs/remotes/styling [1ms]
2023-06-13 16:53:58.166 [info] > git status -z -uall --find-renames=50% [1ms]
2023-06-13 16:54:03.175 [info] > git config --get commit.template [1ms]
2023-06-13 16:54:03.179 [info] > git for-each-ref --format=%(refname)%00%(upstream:short)%00%(objectname)%00%(upstream:track)%00%(upstream:remotename)%00%(upstream:remoteref) refs/heads/styling refs/remotes/styling [2ms]
2023-06-13 16:54:03.182 [info] > git status -z -uall --find-renames=50% [1ms]
2023-06-13 16:54:08.200 [info] > git config --get commit.template [5ms]
2023-06-13 16:54:08.201 [info] > git for-each-ref --format=%(refname)%00%(upstream:short)%00%(objectname)%00%(upstream:track)%00%(upstream:remotename)%00%(upstream:remoteref) refs/heads/styling refs/remotes/styling [2ms]
2023-06-13 16:54:08.207 [info] > git status -z -uall --find-renames=50% [2ms]
2023-06-13 16:54:13.221 [info] > git config --get commit.template [1ms]
2023-06-13 16:54:13.228 [info] > git for-each-ref --format=%(refname)%00%(upstream:short)%00%(objectname)%00%(upstream:track)%00%(upstream:remotename)%00%(upstream:remoteref) refs/heads/styling refs/remotes/styling [2ms]
2023-06-13 16:54:13.235 [info] > git status -z -uall --find-renames=50% [3ms]
2023-06-13 16:54:18.254 [info] > git config --get commit.template [1ms]
2023-06-13 16:54:18.261 [info] > git for-each-ref --format=%(refname)%00%(upstream:short)%00%(objectname)%00%(upstream:track)%00%(upstream:remotename)%00%(upstream:remoteref) refs/heads/styling refs/remotes/styling [2ms]
2023-06-13 16:54:18.267 [info] > git status -z -uall --find-renames=50% [2ms]
2023-06-13 16:54:23.283 [info] > git config --get commit.template [1ms]
2023-06-13 16:54:23.289 [info] > git for-each-ref --format=%(refname)%00%(upstream:short)%00%(objectname)%00%(upstream:track)%00%(upstream:remotename)%00%(upstream:remoteref) refs/heads/styling refs/remotes/styling [2ms]
2023-06-13 16:54:23.295 [info] > git status -z -uall --find-renames=50% [1ms]
2023-06-13 16:54:28.320 [info] > git config --get commit.template [1ms]
2023-06-13 16:54:28.323 [info] > git for-each-ref --format=%(refname)%00%(upstream:short)%00%(objectname)%00%(upstream:track)%00%(upstream:remotename)%00%(upstream:remoteref) refs/heads/styling refs/remotes/styling [0ms]
2023-06-13 16:54:28.327 [info] > git status -z -uall --find-renames=50% [1ms]
2023-06-13 16:54:33.356 [info] > git config --get commit.template [6ms]
2023-06-13 16:54:33.357 [info] > git for-each-ref --format=%(refname)%00%(upstream:short)%00%(objectname)%00%(upstream:track)%00%(upstream:remotename)%00%(upstream:remoteref) refs/heads/styling refs/remotes/styling [1ms]
2023-06-13 16:54:33.364 [info] > git status -z -uall --find-renames=50% [1ms]
2023-06-13 16:54:38.390 [info] > git config --get commit.template [7ms]
2023-06-13 16:54:38.390 [info] > git for-each-ref --format=%(refname)%00%(upstream:short)%00%(objectname)%00%(upstream:track)%00%(upstream:remotename)%00%(upstream:remoteref) refs/heads/styling refs/remotes/styling [1ms]
2023-06-13 16:54:38.394 [info] > git status -z -uall --find-renames=50% [0ms]
2023-06-13 16:54:43.408 [info] > git config --get commit.template [5ms]
2023-06-13 16:54:43.408 [info] > git for-each-ref --format=%(refname)%00%(upstream:short)%00%(objectname)%00%(upstream:track)%00%(upstream:remotename)%00%(upstream:remoteref) refs/heads/styling refs/remotes/styling [1ms]
2023-06-13 16:54:43.411 [info] > git status -z -uall --find-renames=50% [1ms]
2023-06-13 16:54:48.426 [info] > git config --get commit.template [1ms]
2023-06-13 16:54:48.429 [info] > git for-each-ref --format=%(refname)%00%(upstream:short)%00%(objectname)%00%(upstream:track)%00%(upstream:remotename)%00%(upstream:remoteref) refs/heads/styling refs/remotes/styling [0ms]
2023-06-13 16:54:48.433 [info] > git status -z -uall --find-renames=50% [1ms]
2023-06-13 16:54:53.454 [info] > git config --get commit.template [0ms]
2023-06-13 16:54:53.457 [info] > git for-each-ref --format=%(refname)%00%(upstream:short)%00%(objectname)%00%(upstream:track)%00%(upstream:remotename)%00%(upstream:remoteref) refs/heads/styling refs/remotes/styling [1ms]
2023-06-13 16:54:53.460 [info] > git status -z -uall --find-renames=50% [1ms]
2023-06-13 16:54:58.482 [info] > git config --get commit.template [1ms]
2023-06-13 16:54:58.489 [info] > git for-each-ref --format=%(refname)%00%(upstream:short)%00%(objectname)%00%(upstream:track)%00%(upstream:remotename)%00%(upstream:remoteref) refs/heads/styling refs/remotes/styling [0ms]
2023-06-13 16:54:58.494 [info] > git status -z -uall --find-renames=50% [1ms]
2023-06-13 16:55:03.501 [info] > git config --get commit.template [0ms]
2023-06-13 16:55:03.505 [info] > git for-each-ref --format=%(refname)%00%(upstream:short)%00%(objectname)%00%(upstream:track)%00%(upstream:remotename)%00%(upstream:remoteref) refs/heads/styling refs/remotes/styling [0ms]
2023-06-13 16:55:03.508 [info] > git status -z -uall --find-renames=50% [1ms]
2023-06-13 16:55:08.519 [info] > git config --get commit.template [1ms]
2023-06-13 16:55:08.522 [info] > git for-each-ref --format=%(refname)%00%(upstream:short)%00%(objectname)%00%(upstream:track)%00%(upstream:remotename)%00%(upstream:remoteref) refs/heads/styling refs/remotes/styling [1ms]
2023-06-13 16:55:08.525 [info] > git status -z -uall --find-renames=50% [1ms]
2023-06-13 16:55:13.546 [info] > git config --get commit.template [5ms]
2023-06-13 16:55:13.548 [info] > git for-each-ref --format=%(refname)%00%(upstream:short)%00%(objectname)%00%(upstream:track)%00%(upstream:remotename)%00%(upstream:remoteref) refs/heads/styling refs/remotes/styling [1ms]
2023-06-13 16:55:13.556 [info] > git status -z -uall --find-renames=50% [0ms]
2023-06-13 16:55:18.580 [info] > git config --get commit.template [2ms]
2023-06-13 16:55:18.585 [info] > git for-each-ref --format=%(refname)%00%(upstream:short)%00%(objectname)%00%(upstream:track)%00%(upstream:remotename)%00%(upstream:remoteref) refs/heads/styling refs/remotes/styling [1ms]
2023-06-13 16:55:18.591 [info] > git status -z -uall --find-renames=50% [1ms]
2023-06-13 16:55:23.615 [info] > git config --get commit.template [2ms]
2023-06-13 16:55:23.622 [info] > git for-each-ref --format=%(refname)%00%(upstream:short)%00%(objectname)%00%(upstream:track)%00%(upstream:remotename)%00%(upstream:remoteref) refs/heads/styling refs/remotes/styling [1ms]
2023-06-13 16:55:23.627 [info] > git status -z -uall --find-renames=50% [1ms]
2023-06-13 16:55:28.645 [info] > git config --get commit.template [5ms]
2023-06-13 16:55:28.646 [info] > git for-each-ref --format=%(refname)%00%(upstream:short)%00%(objectname)%00%(upstream:track)%00%(upstream:remotename)%00%(upstream:remoteref) refs/heads/styling refs/remotes/styling [2ms]
2023-06-13 16:55:28.653 [info] > git status -z -uall --find-renames=50% [2ms]
2023-06-13 16:55:33.685 [info] > git config --get commit.template [7ms]
2023-06-13 16:55:33.686 [info] > git for-each-ref --format=%(refname)%00%(upstream:short)%00%(objectname)%00%(upstream:track)%00%(upstream:remotename)%00%(upstream:remoteref) refs/heads/styling refs/remotes/styling [2ms]
2023-06-13 16:55:33.693 [info] > git status -z -uall --find-renames=50% [1ms]
2023-06-13 16:55:38.721 [info] > git config --get commit.template [1ms]
2023-06-13 16:55:38.728 [info] > git for-each-ref --format=%(refname)%00%(upstream:short)%00%(objectname)%00%(upstream:track)%00%(upstream:remotename)%00%(upstream:remoteref) refs/heads/styling refs/remotes/styling [1ms]
2023-06-13 16:55:38.732 [info] > git status -z -uall --find-renames=50% [1ms]
2023-06-13 16:55:43.759 [info] > git config --get commit.template [1ms]
2023-06-13 16:55:43.765 [info] > git for-each-ref --format=%(refname)%00%(upstream:short)%00%(objectname)%00%(upstream:track)%00%(upstream:remotename)%00%(upstream:remoteref) refs/heads/styling refs/remotes/styling [2ms]
2023-06-13 16:55:43.772 [info] > git status -z -uall --find-renames=50% [2ms]
2023-06-13 16:55:48.793 [info] > git config --get commit.template [7ms]
2023-06-13 16:55:48.795 [info] > git for-each-ref --format=%(refname)%00%(upstream:short)%00%(objectname)%00%(upstream:track)%00%(upstream:remotename)%00%(upstream:remoteref) refs/heads/styling refs/remotes/styling [3ms]
2023-06-13 16:55:48.802 [info] > git status -z -uall --find-renames=50% [1ms]
2023-06-13 16:55:53.817 [info] > git config --get commit.template [2ms]
2023-06-13 16:55:53.822 [info] > git for-each-ref --format=%(refname)%00%(upstream:short)%00%(objectname)%00%(upstream:track)%00%(upstream:remotename)%00%(upstream:remoteref) refs/heads/styling refs/remotes/styling [1ms]
2023-06-13 16:55:53.827 [info] > git status -z -uall --find-renames=50% [1ms]
2023-06-13 16:55:58.139 [info] > git add -A -- . [2ms]
2023-06-13 16:55:58.148 [info] > git -c user.useConfigOnly=true commit --quiet --allow-empty-message --file - [5ms]
2023-06-13 16:55:58.152 [info] > git config --get commit.template [0ms]
2023-06-13 16:55:58.159 [info] > git config --get commit.template [3ms]
2023-06-13 16:55:58.159 [info] > git for-each-ref --format=%(refname)%00%(upstream:short)%00%(objectname)%00%(upstream:track)%00%(upstream:remotename)%00%(upstream:remoteref) refs/heads/styling refs/remotes/styling [0ms]
2023-06-13 16:55:58.165 [info] > git status -z -uall --find-renames=50% [3ms]
2023-06-13 16:55:58.244 [info] > git config --get commit.template [1ms]
2023-06-13 16:55:58.249 [info] > git for-each-ref --format=%(refname)%00%(upstream:short)%00%(objectname)%00%(upstream:track)%00%(upstream:remotename)%00%(upstream:remoteref) refs/heads/styling refs/remotes/styling [2ms]
2023-06-13 16:55:58.253 [info] > git status -z -uall --find-renames=50% [1ms]
2023-06-13 16:55:58.848 [info] > git config --get commit.template [8ms]
2023-06-13 16:55:58.849 [info] > git for-each-ref --format=%(refname)%00%(upstream:short)%00%(objectname)%00%(upstream:track)%00%(upstream:remotename)%00%(upstream:remoteref) refs/heads/styling refs/remotes/styling [1ms]
2023-06-13 16:55:58.857 [info] > git status -z -uall --find-renames=50% [2ms]
2023-06-13 16:55:59.428 [info] > git ls-files --stage -- /home/xmarksthespot/styles.css [1ms]
2023-06-13 16:55:59.433 [info] > git cat-file -s 139666441b1cb9425464d67e7f1bbaebc459f37c [1ms]
2023-06-13 16:55:59.446 [info] > git show --textconv :styles.css [2ms]
2023-06-13 16:56:03.871 [info] > git config --get commit.template [1ms]
2023-06-13 16:56:03.877 [info] > git for-each-ref --format=%(refname)%00%(upstream:short)%00%(objectname)%00%(upstream:track)%00%(upstream:remotename)%00%(upstream:remoteref) refs/heads/styling refs/remotes/styling [1ms]
2023-06-13 16:56:03.882 [info] > git status -z -uall --find-renames=50% [1ms]
2023-06-13 16:56:08.907 [info] > git config --get commit.template [0ms]
2023-06-13 16:56:08.911 [info] > git for-each-ref --format=%(refname)%00%(upstream:short)%00%(objectname)%00%(upstream:track)%00%(upstream:remotename)%00%(upstream:remoteref) refs/heads/styling refs/remotes/styling [0ms]
2023-06-13 16:56:08.916 [info] > git status -z -uall --find-renames=50% [2ms]
2023-06-13 16:59:55.213 [info] > git config --get commit.template [5ms]
2023-06-13 16:59:55.213 [info] > git for-each-ref --format=%(refname)%00%(upstream:short)%00%(objectname)%00%(upstream:track)%00%(upstream:remotename)%00%(upstream:remoteref) refs/heads/styling refs/remotes/styling [1ms]
2023-06-13 16:59:55.226 [info] > git status -z -uall --find-renames=50% [10ms]
2023-06-13 16:59:55.228 [info] > git ls-files --stage -- /home/xmarksthespot/styles.css [3ms]
2023-06-13 16:59:55.232 [info] > git cat-file -s 139666441b1cb9425464d67e7f1bbaebc459f37c [1ms]
2023-06-13 16:59:55.285 [info] > git show --textconv :styles.css [2ms]
2023-06-13 17:00:00.243 [info] > git config --get commit.template [6ms]
2023-06-13 17:00:00.244 [info] > git for-each-ref --format=%(refname)%00%(upstream:short)%00%(objectname)%00%(upstream:track)%00%(upstream:remotename)%00%(upstream:remoteref) refs/heads/styling refs/remotes/styling [2ms]
2023-06-13 17:00:00.250 [info] > git status -z -uall --find-renames=50% [1ms]
2023-06-13 17:00:05.263 [info] > git config --get commit.template [2ms]
2023-06-13 17:00:05.271 [info] > git for-each-ref --format=%(refname)%00%(upstream:short)%00%(objectname)%00%(upstream:track)%00%(upstream:remotename)%00%(upstream:remoteref) refs/heads/styling refs/remotes/styling [1ms]
2023-06-13 17:00:05.275 [info] > git status -z -uall --find-renames=50% [1ms]
2023-06-13 17:00:10.290 [info] > git config --get commit.template [2ms]
2023-06-13 17:00:10.298 [info] > git for-each-ref --format=%(refname)%00%(upstream:short)%00%(objectname)%00%(upstream:track)%00%(upstream:remotename)%00%(upstream:remoteref) refs/heads/styling refs/remotes/styling [1ms]
2023-06-13 17:00:10.304 [info] > git status -z -uall --find-renames=50% [1ms]
2023-06-13 17:00:15.452 [info] > git push -u main styling [690ms]
2023-06-13 17:00:15.452 [info] To https://github.com/XMarksDSpot/XMARK.git
 ! [rejected]        styling -> styling (fetch first)
error: failed to push some refs to 'https://github.com/XMarksDSpot/XMARK.git'
hint: Updates were rejected because the remote contains work that you do
hint: not have locally. This is usually caused by another repository pushing
hint: to the same ref. You may want to first integrate the remote changes
hint: (e.g., 'git pull ...') before pushing again.
hint: See the 'Note about fast-forwards' in 'git push --help' for details.
2023-06-13 17:00:15.462 [info] > git config --get commit.template [4ms]
2023-06-13 17:00:15.463 [info] > git for-each-ref --format=%(refname)%00%(upstream:short)%00%(objectname)%00%(upstream:track)%00%(upstream:remotename)%00%(upstream:remoteref) refs/heads/styling refs/remotes/styling [1ms]
2023-06-13 17:00:15.467 [info] > git status -z -uall --find-renames=50% [1ms]
2023-06-13 17:00:15.473 [info] > git config --get commit.template [1ms]
2023-06-13 17:00:15.476 [info] > git for-each-ref --format=%(refname)%00%(upstream:short)%00%(objectname)%00%(upstream:track)%00%(upstream:remotename)%00%(upstream:remoteref) refs/heads/styling refs/remotes/styling [1ms]
2023-06-13 17:00:15.479 [info] > git status -z -uall --find-renames=50% [1ms]
2023-06-13 17:00:20.495 [info] > git config --get commit.template [1ms]
2023-06-13 17:00:20.500 [info] > git for-each-ref --format=%(refname)%00%(upstream:short)%00%(objectname)%00%(upstream:track)%00%(upstream:remotename)%00%(upstream:remoteref) refs/heads/styling refs/remotes/styling [1ms]
2023-06-13 17:00:20.505 [info] > git status -z -uall --find-renames=50% [1ms]
2023-06-13 17:00:25.521 [info] > git config --get commit.template [2ms]
2023-06-13 17:00:25.525 [info] > git for-each-ref --format=%(refname)%00%(upstream:short)%00%(objectname)%00%(upstream:track)%00%(upstream:remotename)%00%(upstream:remoteref) refs/heads/styling refs/remotes/styling [1ms]
2023-06-13 17:00:25.528 [info] > git status -z -uall --find-renames=50% [1ms]
2023-06-13 17:03:17.291 [info] > git config --get commit.template [0ms]
2023-06-13 17:03:17.298 [info] > git for-each-ref --format=%(refname)%00%(upstream:short)%00%(objectname)%00%(upstream:track)%00%(upstream:remotename)%00%(upstream:remoteref) refs/heads/main refs/remotes/main [4ms]
2023-06-13 17:03:17.302 [info] > git ls-files --stage -- /home/xmarksthespot/styles.css [5ms]
2023-06-13 17:03:17.305 [info] > git status -z -uall --find-renames=50% [4ms]
2023-06-13 17:03:17.307 [info] > git cat-file -s 7f41908e87b4cdefd0705ce163aa28e58e9d3c04 [2ms]
2023-06-13 17:03:17.448 [info] > git show --textconv :styles.css [3ms]
2023-06-13 17:03:22.326 [info] > git config --get commit.template [4ms]
2023-06-13 17:03:22.330 [info] > git for-each-ref --format=%(refname)%00%(upstream:short)%00%(objectname)%00%(upstream:track)%00%(upstream:remotename)%00%(upstream:remoteref) refs/heads/main refs/remotes/main [4ms]
2023-06-13 17:03:22.333 [info] > git status -z -uall --find-renames=50% [0ms]
2023-06-13 17:03:27.351 [info] > git config --get commit.template [3ms]
2023-06-13 17:03:27.355 [info] > git for-each-ref --format=%(refname)%00%(upstream:short)%00%(objectname)%00%(upstream:track)%00%(upstream:remotename)%00%(upstream:remoteref) refs/heads/main refs/remotes/main [4ms]
2023-06-13 17:03:27.359 [info] > git status -z -uall --find-renames=50% [1ms]
2023-06-13 17:03:32.382 [info] > git config --get commit.template [6ms]
2023-06-13 17:03:32.387 [info] > git for-each-ref --format=%(refname)%00%(upstream:short)%00%(objectname)%00%(upstream:track)%00%(upstream:remotename)%00%(upstream:remoteref) refs/heads/main refs/remotes/main [6ms]
2023-06-13 17:03:32.391 [info] > git status -z -uall --find-renames=50% [1ms]
2023-06-13 17:03:37.404 [info] > git config --get commit.template [1ms]
2023-06-13 17:03:37.419 [info] > git for-each-ref --format=%(refname)%00%(upstream:short)%00%(objectname)%00%(upstream:track)%00%(upstream:remotename)%00%(upstream:remoteref) refs/heads/main refs/remotes/main [9ms]
2023-06-13 17:03:37.424 [info] > git status -z -uall --find-renames=50% [0ms]
2023-06-13 17:03:42.444 [info] > git config --get commit.template [6ms]
2023-06-13 17:03:42.450 [info] > git for-each-ref --format=%(refname)%00%(upstream:short)%00%(objectname)%00%(upstream:track)%00%(upstream:remotename)%00%(upstream:remoteref) refs/heads/main refs/remotes/main [7ms]
2023-06-13 17:03:42.455 [info] > git status -z -uall --find-renames=50% [0ms]
2023-06-13 17:03:47.462 [info] > git config --get commit.template [1ms]
2023-06-13 17:03:47.469 [info] > git for-each-ref --format=%(refname)%00%(upstream:short)%00%(objectname)%00%(upstream:track)%00%(upstream:remotename)%00%(upstream:remoteref) refs/heads/main refs/remotes/main [4ms]
2023-06-13 17:03:47.474 [info] > git status -z -uall --find-renames=50% [1ms]
2023-06-13 17:03:52.494 [info] > git config --get commit.template [1ms]
2023-06-13 17:03:52.501 [info] > git for-each-ref --format=%(refname)%00%(upstream:short)%00%(objectname)%00%(upstream:track)%00%(upstream:remotename)%00%(upstream:remoteref) refs/heads/main refs/remotes/main [3ms]
2023-06-13 17:03:52.505 [info] > git status -z -uall --find-renames=50% [1ms]
2023-06-13 17:03:57.530 [info] > git config --get commit.template [5ms]
2023-06-13 17:03:57.534 [info] > git for-each-ref --format=%(refname)%00%(upstream:short)%00%(objectname)%00%(upstream:track)%00%(upstream:remotename)%00%(upstream:remoteref) refs/heads/main refs/remotes/main [4ms]
2023-06-13 17:03:57.538 [info] > git status -z -uall --find-renames=50% [1ms]
2023-06-13 17:04:02.560 [info] > git config --get commit.template [6ms]
2023-06-13 17:04:02.566 [info] > git for-each-ref --format=%(refname)%00%(upstream:short)%00%(objectname)%00%(upstream:track)%00%(upstream:remotename)%00%(upstream:remoteref) refs/heads/main refs/remotes/main [7ms]
2023-06-13 17:04:02.571 [info] > git status -z -uall --find-renames=50% [1ms]
2023-06-13 17:04:07.599 [info] > git config --get commit.template [5ms]
2023-06-13 17:04:07.602 [info] > git for-each-ref --format=%(refname)%00%(upstream:short)%00%(objectname)%00%(upstream:track)%00%(upstream:remotename)%00%(upstream:remoteref) refs/heads/main refs/remotes/main [4ms]
2023-06-13 17:04:07.607 [info] > git status -z -uall --find-renames=50% [1ms]
2023-06-13 17:04:12.639 [info] > git config --get commit.template [7ms]
2023-06-13 17:04:12.646 [info] > git for-each-ref --format=%(refname)%00%(upstream:short)%00%(objectname)%00%(upstream:track)%00%(upstream:remotename)%00%(upstream:remoteref) refs/heads/main refs/remotes/main [9ms]
2023-06-13 17:04:12.651 [info] > git status -z -uall --find-renames=50% [1ms]
2023-06-13 17:16:19.748 [info] > git config --get commit.template [1ms]
2023-06-13 17:16:19.757 [info] > git for-each-ref --format=%(refname)%00%(upstream:short)%00%(objectname)%00%(upstream:track)%00%(upstream:remotename)%00%(upstream:remoteref) refs/heads/styling refs/remotes/styling [5ms]
2023-06-13 17:16:19.760 [info] > git ls-files --stage -- /home/xmarksthespot/styles.css [4ms]
2023-06-13 17:16:19.763 [info] > git status -z -uall --find-renames=50% [4ms]
2023-06-13 17:16:19.765 [info] > git cat-file -s 139666441b1cb9425464d67e7f1bbaebc459f37c [2ms]
2023-06-13 17:16:19.855 [info] > git show --textconv :styles.css [2ms]
2023-06-13 17:16:24.779 [info] > git for-each-ref --format=%(refname)%00%(upstream:short)%00%(objectname)%00%(upstream:track)%00%(upstream:remotename)%00%(upstream:remoteref) refs/heads/styling refs/remotes/styling [1ms]
2023-06-13 17:16:24.780 [info] > git config --get commit.template [5ms]
2023-06-13 17:16:24.783 [info] > git status -z -uall --find-renames=50% [1ms]
2023-06-13 17:16:29.790 [info] > git config --get commit.template [0ms]
2023-06-13 17:16:29.794 [info] > git for-each-ref --format=%(refname)%00%(upstream:short)%00%(objectname)%00%(upstream:track)%00%(upstream:remotename)%00%(upstream:remoteref) refs/heads/styling refs/remotes/styling [1ms]
2023-06-13 17:16:29.797 [info] > git status -z -uall --find-renames=50% [0ms]
